Build started 4/1/2016 9:12:11 PM.
     1>Project "E:\ubuntushare\popgen\programs\plink_to_migrate\plink_to_migrate.vcxproj" on node 2 (Build target(s)).
     1>ClCompile:
         C:\Program Files (x86)\Microsoft Visual Studio 12.0\VC\bin\CL.exe /c /ZI /nologo /W3 /WX- /sdl /Od /Oy- /D WIN32 /D _DEBUG /D _CONSOLE /D _LIB /D _UNICODE /D UNICODE /Gm /EHsc /RTC1 /MDd /GS /fp:precise /Zc:wchar_t /Zc:forScope /Fo"Debug\\" /Fd"Debug\vc120.pdb" /Gd /TP /analyze- /errorReport:prompt plink_to_migrate.cpp
         plink_to_migrate.cpp
     1>e:\ubuntushare\popgen\programs\plink_to_migrate\plink_to_migrate.cpp(174): warning C4018: '<' : signed/unsigned mismatch
     1>e:\ubuntushare\popgen\programs\plink_to_migrate\plink_to_migrate.cpp(199): warning C4018: '<' : signed/unsigned mismatch
     1>e:\ubuntushare\popgen\programs\plink_to_migrate\plink_to_migrate.cpp(244): warning C4018: '<' : signed/unsigned mismatch
     1>e:\ubuntushare\popgen\programs\plink_to_migrate\plink_to_migrate.cpp(267): warning C4018: '<' : signed/unsigned mismatch
     1>e:\ubuntushare\popgen\programs\plink_to_migrate\plink_to_migrate.cpp(299): warning C4018: '<' : signed/unsigned mismatch
     1>e:\ubuntushare\popgen\programs\plink_to_migrate\plink_to_migrate.cpp(301): warning C4018: '<' : signed/unsigned mismatch
     1>e:\ubuntushare\popgen\programs\plink_to_migrate\plink_to_migrate.cpp(306): warning C4018: '<' : signed/unsigned mismatch
     1>e:\ubuntushare\popgen\programs\plink_to_migrate\plink_to_migrate.cpp(309): warning C4018: '<' : signed/unsigned mismatch
     1>e:\ubuntushare\popgen\programs\plink_to_migrate\plink_to_migrate.cpp(315): warning C4018: '<' : signed/unsigned mismatch
     1>e:\ubuntushare\popgen\programs\plink_to_migrate\plink_to_migrate.cpp(338): warning C4018: '<' : signed/unsigned mismatch
       Link:
         C:\Program Files (x86)\Microsoft Visual Studio 12.0\VC\bin\link.exe /ERRORREPORT:PROMPT /OUT:"E:\ubuntushare\popgen\programs\plink_to_migrate\Debug\plink_to_migrate.exe" /INCREMENTAL /NOLOGO kernel32.lib user32.lib gdi32.lib winspool.lib comdlg32.lib advapi32.lib shell32.lib ole32.lib oleaut32.lib uuid.lib odbc32.lib odbccp32.lib /MANIFEST /MANIFESTUAC:"level='asInvoker' uiAccess='false'" /manifest:embed /DEBUG /PDB:"E:\ubuntushare\popgen\programs\plink_to_migrate\Debug\plink_to_migrate.pdb" /SUBSYSTEM:CONSOLE /TLBID:1 /DYNAMICBASE /NXCOMPAT /IMPLIB:"E:\ubuntushare\popgen\programs\plink_to_migrate\Debug\plink_to_migrate.lib" /MACHINE:X86 Debug\plink_to_migrate.obj
         plink_to_migrate.vcxproj -> E:\ubuntushare\popgen\programs\plink_to_migrate\Debug\plink_to_migrate.exe
     1>Done Building Project "E:\ubuntushare\popgen\programs\plink_to_migrate\plink_to_migrate.vcxproj" (Build target(s)).

Build succeeded.

Time Elapsed 00:00:02.87
