Build started 7/20/2016 3:30:30 PM.
     1>Project "E:\ubuntushare\popgen\programs\prune_snps\prune_snps.vcxproj" on node 2 (Build target(s)).
     1>ClCompile:
         C:\Program Files (x86)\Microsoft Visual Studio 12.0\VC\bin\CL.exe /c /Zi /nologo /W3 /WX- /sdl /O2 /Oi /Oy- /GL /D WIN32 /D NDEBUG /D _CONSOLE /D _LIB /D _UNICODE /D UNICODE /Gm- /EHsc /MD /GS /Gy /fp:precise /Zc:wchar_t /Zc:forScope /Fo"Release\\" /Fd"Release\vc120.pdb" /Gd /TP /analyze- /errorReport:prompt prune_snps.cpp
         prune_snps.cpp
     1>e:\ubuntushare\popgen\programs\prune_snps\../random_numbers.h(118): warning C4244: '=' : conversion from 'double' to 'int', possible loss of data
     1>e:\ubuntushare\popgen\programs\prune_snps\../random_numbers.h(281): warning C4018: '<' : signed/unsigned mismatch
     1>e:\ubuntushare\popgen\programs\prune_snps\../random_numbers.h(287): warning C4018: '<' : signed/unsigned mismatch
     1>e:\ubuntushare\popgen\programs\prune_snps\../random_numbers.h(266): warning C4101: 'jjj' : unreferenced local variable
     1>e:\ubuntushare\popgen\programs\prune_snps\../random_numbers.h(265): warning C4101: 'last_prob' : unreferenced local variable
     1>e:\ubuntushare\popgen\programs\prune_snps\../random_numbers.h(265): warning C4101: 'last_interval' : unreferenced local variable
     1>e:\ubuntushare\popgen\programs\prune_snps\../random_numbers.h(266): warning C4101: 'jj' : unreferenced local variable
     1>prune_snps.cpp(194): warning C4018: '<' : signed/unsigned mismatch
     1>prune_snps.cpp(226): warning C4018: '<' : signed/unsigned mismatch
     1>prune_snps.cpp(231): warning C4018: '<' : signed/unsigned mismatch
     1>prune_snps.cpp(239): warning C4018: '<' : signed/unsigned mismatch
     1>prune_snps.cpp(247): warning C4018: '<' : signed/unsigned mismatch
     1>prune_snps.cpp(250): warning C4018: '<' : signed/unsigned mismatch
     1>prune_snps.cpp(257): warning C4018: '<' : signed/unsigned mismatch
     1>prune_snps.cpp(262): warning C4018: '<' : signed/unsigned mismatch
     1>prune_snps.cpp(282): warning C4018: '<' : signed/unsigned mismatch
     1>prune_snps.cpp(284): warning C4018: '<' : signed/unsigned mismatch
       Link:
         C:\Program Files (x86)\Microsoft Visual Studio 12.0\VC\bin\link.exe /ERRORREPORT:PROMPT /OUT:"E:\ubuntushare\popgen\programs\prune_snps\Release\prune_snps.exe" /INCREMENTAL:NO /NOLOGO kernel32.lib user32.lib gdi32.lib winspool.lib comdlg32.lib advapi32.lib shell32.lib ole32.lib oleaut32.lib uuid.lib odbc32.lib odbccp32.lib /MANIFEST /MANIFESTUAC:"level='asInvoker' uiAccess='false'" /manifest:embed /DEBUG /PDB:"E:\ubuntushare\popgen\programs\prune_snps\Release\prune_snps.pdb" /SUBSYSTEM:CONSOLE /OPT:REF /OPT:ICF /LTCG /TLBID:1 /DYNAMICBASE /NXCOMPAT /IMPLIB:"E:\ubuntushare\popgen\programs\prune_snps\Release\prune_snps.lib" /MACHINE:X86 /SAFESEH Release\prune_snps.obj
         Generating code
         Finished generating code
         prune_snps.vcxproj -> E:\ubuntushare\popgen\programs\prune_snps\Release\prune_snps.exe
     1>Done Building Project "E:\ubuntushare\popgen\programs\prune_snps\prune_snps.vcxproj" (Build target(s)).

Build succeeded.

Time Elapsed 00:00:01.42
