Build started 4/8/2015 10:12:00 AM.
     1>Project "E:\ubuntushare\fst_geographical_clines\fst_geographical_clines\fst_geographical_clines.vcxproj" on node 2 (Build target(s)).
     1>ClCompile:
         C:\Program Files (x86)\Microsoft Visual Studio 12.0\VC\bin\CL.exe /c /ZI /nologo /W3 /WX- /sdl /Od /Oy- /D WIN32 /D _DEBUG /D _CONSOLE /D _LIB /D _UNICODE /D UNICODE /Gm /EHsc /RTC1 /MDd /GS /fp:precise /Zc:wchar_t /Zc:forScope /Fo"Debug\\" /Fd"Debug\vc120.pdb" /Gd /TP /analyze- /errorReport:prompt fst_geographical_clines.cpp
         fst_geographical_clines.cpp
     1>e:\ubuntushare\fst_geographical_clines\fst_geographical_clines\fst_geographical_clines.cpp(311): warning C4018: '<' : signed/unsigned mismatch
     1>e:\ubuntushare\fst_geographical_clines\fst_geographical_clines\fst_geographical_clines.cpp(314): warning C4018: '<' : signed/unsigned mismatch
     1>e:\ubuntushare\fst_geographical_clines\fst_geographical_clines\fst_geographical_clines.cpp(327): warning C4018: '<' : signed/unsigned mismatch
     1>e:\ubuntushare\fst_geographical_clines\fst_geographical_clines\fst_geographical_clines.cpp(341): warning C4018: '<' : signed/unsigned mismatch
     1>e:\ubuntushare\fst_geographical_clines\fst_geographical_clines\fst_geographical_clines.cpp(364): warning C4018: '<' : signed/unsigned mismatch
     1>e:\ubuntushare\fst_geographical_clines\fst_geographical_clines\fst_geographical_clines.cpp(366): warning C4018: '<' : signed/unsigned mismatch
     1>e:\ubuntushare\fst_geographical_clines\fst_geographical_clines\fst_geographical_clines.cpp(368): warning C4018: '<' : signed/unsigned mismatch
     1>e:\ubuntushare\fst_geographical_clines\fst_geographical_clines\fst_geographical_clines.cpp(377): warning C4018: '<' : signed/unsigned mismatch
     1>e:\ubuntushare\fst_geographical_clines\fst_geographical_clines\fst_geographical_clines.cpp(379): warning C4018: '<' : signed/unsigned mismatch
     1>e:\ubuntushare\fst_geographical_clines\fst_geographical_clines\fst_geographical_clines.cpp(381): warning C4018: '<' : signed/unsigned mismatch
     1>e:\ubuntushare\fst_geographical_clines\fst_geographical_clines\fst_geographical_clines.cpp(386): warning C4018: '<' : signed/unsigned mismatch
     1>e:\ubuntushare\fst_geographical_clines\fst_geographical_clines\fst_geographical_clines.cpp(388): warning C4553: '==' : operator has no effect; did you intend '='?
     1>e:\ubuntushare\fst_geographical_clines\fst_geographical_clines\fst_geographical_clines.cpp(404): warning C4018: '<' : signed/unsigned mismatch
     1>e:\ubuntushare\fst_geographical_clines\fst_geographical_clines\fst_geographical_clines.cpp(406): warning C4553: '==' : operator has no effect; did you intend '='?
     1>e:\ubuntushare\fst_geographical_clines\fst_geographical_clines\fst_geographical_clines.cpp(422): warning C4018: '<' : signed/unsigned mismatch
     1>e:\ubuntushare\fst_geographical_clines\fst_geographical_clines\fst_geographical_clines.cpp(424): warning C4553: '==' : operator has no effect; did you intend '='?
     1>e:\ubuntushare\fst_geographical_clines\fst_geographical_clines\fst_geographical_clines.cpp(446): warning C4018: '<' : signed/unsigned mismatch
     1>e:\ubuntushare\fst_geographical_clines\fst_geographical_clines\fst_geographical_clines.cpp(448): warning C4018: '<' : signed/unsigned mismatch
     1>e:\ubuntushare\fst_geographical_clines\fst_geographical_clines\fst_geographical_clines.cpp(450): warning C4018: '<' : signed/unsigned mismatch
     1>e:\ubuntushare\fst_geographical_clines\fst_geographical_clines\fst_geographical_clines.cpp(457): warning C4018: '<' : signed/unsigned mismatch
     1>e:\ubuntushare\fst_geographical_clines\fst_geographical_clines\fst_geographical_clines.cpp(459): warning C4018: '<' : signed/unsigned mismatch
     1>e:\ubuntushare\fst_geographical_clines\fst_geographical_clines\fst_geographical_clines.cpp(461): warning C4018: '<' : signed/unsigned mismatch
     1>e:\ubuntushare\fst_geographical_clines\fst_geographical_clines\fst_geographical_clines.cpp(469): warning C4018: '<' : signed/unsigned mismatch
     1>e:\ubuntushare\fst_geographical_clines\fst_geographical_clines\fst_geographical_clines.cpp(484): warning C4018: '<' : signed/unsigned mismatch
     1>e:\ubuntushare\fst_geographical_clines\fst_geographical_clines\fst_geographical_clines.cpp(498): warning C4018: '<' : signed/unsigned mismatch
     1>e:\ubuntushare\fst_geographical_clines\fst_geographical_clines\fst_geographical_clines.cpp(524): warning C4018: '<' : signed/unsigned mismatch
     1>e:\ubuntushare\fst_geographical_clines\fst_geographical_clines\fst_geographical_clines.cpp(535): warning C4018: '<' : signed/unsigned mismatch
       Link:
         C:\Program Files (x86)\Microsoft Visual Studio 12.0\VC\bin\link.exe /ERRORREPORT:PROMPT /OUT:"E:\ubuntushare\fst_geographical_clines\Debug\fst_geographical_clines.exe" /INCREMENTAL /NOLOGO kernel32.lib user32.lib gdi32.lib winspool.lib comdlg32.lib advapi32.lib shell32.lib ole32.lib oleaut32.lib uuid.lib odbc32.lib odbccp32.lib /MANIFEST /MANIFESTUAC:"level='asInvoker' uiAccess='false'" /manifest:embed /DEBUG /PDB:"E:\ubuntushare\fst_geographical_clines\Debug\fst_geographical_clines.pdb" /SUBSYSTEM:CONSOLE /TLBID:1 /DYNAMICBASE /NXCOMPAT /IMPLIB:"E:\ubuntushare\fst_geographical_clines\Debug\fst_geographical_clines.lib" /MACHINE:X86 Debug\fst_geographical_clines.obj
         fst_geographical_clines.vcxproj -> E:\ubuntushare\fst_geographical_clines\Debug\fst_geographical_clines.exe
     1>Done Building Project "E:\ubuntushare\fst_geographical_clines\fst_geographical_clines\fst_geographical_clines.vcxproj" (Build target(s)).

Build succeeded.

Time Elapsed 00:00:00.90
