\BOOKMARK [1][-]{section*.2}{\376\377\000O\000v\000e\000r\000v\000i\000e\000w\000\040\000o\000f\000\040\000t\000h\000e\000\040\000s\000t\000u\000d\000y}{}% 1
\BOOKMARK [2][-]{section*.3}{\376\377\000M\000a\000p\000\040\000o\000f\000\040\000t\000h\000e\000\040\000p\000o\000p\000u\000l\000a\000t\000i\000o\000n\000s}{section*.2}% 2
\BOOKMARK [2][-]{section*.4}{\376\377\000P\000h\000e\000n\000o\000t\000y\000p\000i\000c\000\040\000v\000a\000r\000i\000a\000t\000i\000o\000n}{section*.2}% 3
\BOOKMARK [2][-]{section*.6}{\376\377\000T\000a\000b\000l\000e\000\040\000o\000f\000\040\000s\000u\000m\000m\000a\000r\000y\000\040\000s\000t\000a\000t\000i\000s\000t\000i\000c\000s}{section*.2}% 4
\BOOKMARK [2][-]{section*.7}{\376\377\000M\000i\000n\000o\000r\000\040\000a\000l\000l\000e\000l\000e\000\040\000f\000r\000e\000q\000u\000e\000n\000c\000i\000e\000s}{section*.2}% 5
\BOOKMARK [1][-]{section*.9}{\376\377\000P\000o\000p\000u\000l\000a\000t\000i\000o\000n\000\040\000s\000t\000r\000u\000c\000t\000u\000r\000e\000\040\000o\000f\000\040\000a\000l\000l\000\040\0001\0006\000\040\000p\000o\000p\000u\000l\000a\000t\000i\000o\000n\000s}{}% 6
\BOOKMARK [2][-]{section*.10}{\376\377\000F\000S\000T\000s}{section*.9}% 7
\BOOKMARK [2][-]{section*.12}{\376\377\000P\000C\000A\000d\000a\000p\000t}{section*.9}% 8
\BOOKMARK [2][-]{section*.15}{\376\377\000A\000d\000m\000i\000x\000t\000u\000r\000e\000\040\000s\000c\000r\000e\000e\000\040\000p\000l\000o\000t\000s}{section*.9}% 9
\BOOKMARK [2][-]{section*.23}{\376\377\000T\000r\000e\000e\000m\000i\000x\000\040\000a\000n\000a\000l\000y\000s\000i\000s}{section*.9}% 10
\BOOKMARK [2][-]{section*.36}{\376\377\000M\000a\000k\000e\000\040\000f\000i\000g\000u\000r\000e}{section*.9}% 11
\BOOKMARK [2][-]{section*.38}{\376\377\000M\000a\000k\000e\000\040\000t\000a\000b\000l\000e}{section*.9}% 12
\BOOKMARK [1][-]{section*.39}{\376\377\000F\000s\000t\000\040\000O\000u\000t\000l\000i\000e\000r\000s}{}% 13
\BOOKMARK [2][-]{section*.40}{\376\377\000S\000t\000a\000c\000k\000s}{section*.39}% 14
\BOOKMARK [2][-]{section*.44}{\376\377\000P\000e\000r\000m\000u\000t\000a\000t\000i\000o\000n\000s}{section*.39}% 15
\BOOKMARK [2][-]{section*.46}{\376\377\000F\000s\000t\000\040\000p\000l\000o\000t}{section*.39}% 16
\BOOKMARK [2][-]{section*.47}{\376\377\000P\000C\000A\000d\000a\000p\000t}{section*.39}% 17
\BOOKMARK [1][-]{section*.55}{\376\377\000B\000a\000y\000e\000n\000v}{}% 18
\BOOKMARK [2][-]{section*.66}{\376\377\000B\000a\000y\000e\000n\000v\000\040\000P\000l\000o\000t\000s}{section*.55}% 19
\BOOKMARK [2][-]{section*.68}{\376\377\000A\000n\000n\000o\000t\000a\000t\000i\000o\000n\000s}{section*.55}% 20
\BOOKMARK [1][-]{section*.71}{\376\377\000R\000e\000f\000e\000r\000e\000n\000c\000e\000s}{}% 21
