Build started 5/8/2015 1:51:26 PM.
     1>Project "E:\ubuntushare\fst_geographical_clines\fst_geographical_clines\fst_geographical_clines.vcxproj" on node 2 (Build target(s)).
     1>ClCompile:
         C:\Program Files (x86)\Microsoft Visual Studio 12.0\VC\bin\CL.exe /c /Zi /nologo /W3 /WX- /sdl /O2 /Oi /Oy- /GL /D WIN32 /D NDEBUG /D _CONSOLE /D _LIB /D _UNICODE /D UNICODE /Gm- /EHsc /MD /GS /Gy /fp:precise /Zc:wchar_t /Zc:forScope /Fo"Release\\" /Fd"Release\vc120.pdb" /Gd /TP /analyze- /errorReport:prompt fst_geographical_clines.cpp
         fst_geographical_clines.cpp
     1>fst_geographical_clines.cpp(311): warning C4018: '<' : signed/unsigned mismatch
     1>fst_geographical_clines.cpp(313): warning C4018: '<' : signed/unsigned mismatch
     1>fst_geographical_clines.cpp(325): warning C4018: '<' : signed/unsigned mismatch
     1>fst_geographical_clines.cpp(338): warning C4018: '<' : signed/unsigned mismatch
     1>fst_geographical_clines.cpp(361): warning C4018: '<' : signed/unsigned mismatch
     1>fst_geographical_clines.cpp(363): warning C4018: '<' : signed/unsigned mismatch
     1>fst_geographical_clines.cpp(365): warning C4018: '<' : signed/unsigned mismatch
     1>fst_geographical_clines.cpp(374): warning C4018: '<' : signed/unsigned mismatch
     1>fst_geographical_clines.cpp(376): warning C4018: '<' : signed/unsigned mismatch
     1>fst_geographical_clines.cpp(378): warning C4018: '<' : signed/unsigned mismatch
     1>fst_geographical_clines.cpp(383): warning C4018: '<' : signed/unsigned mismatch
     1>fst_geographical_clines.cpp(385): warning C4553: '==' : operator has no effect; did you intend '='?
     1>fst_geographical_clines.cpp(401): warning C4018: '<' : signed/unsigned mismatch
     1>fst_geographical_clines.cpp(403): warning C4553: '==' : operator has no effect; did you intend '='?
     1>fst_geographical_clines.cpp(419): warning C4018: '<' : signed/unsigned mismatch
     1>fst_geographical_clines.cpp(421): warning C4553: '==' : operator has no effect; did you intend '='?
     1>fst_geographical_clines.cpp(443): warning C4018: '<' : signed/unsigned mismatch
     1>fst_geographical_clines.cpp(445): warning C4018: '<' : signed/unsigned mismatch
     1>fst_geographical_clines.cpp(447): warning C4018: '<' : signed/unsigned mismatch
     1>fst_geographical_clines.cpp(454): warning C4018: '<' : signed/unsigned mismatch
     1>fst_geographical_clines.cpp(456): warning C4018: '<' : signed/unsigned mismatch
     1>fst_geographical_clines.cpp(458): warning C4018: '<' : signed/unsigned mismatch
     1>fst_geographical_clines.cpp(466): warning C4018: '<' : signed/unsigned mismatch
     1>fst_geographical_clines.cpp(481): warning C4018: '<' : signed/unsigned mismatch
     1>fst_geographical_clines.cpp(495): warning C4018: '<' : signed/unsigned mismatch
     1>fst_geographical_clines.cpp(253): warning C4101: 'count' : unreferenced local variable
     1>fst_geographical_clines.cpp(253): warning C4101: 'i' : unreferenced local variable
       Link:
         C:\Program Files (x86)\Microsoft Visual Studio 12.0\VC\bin\link.exe /ERRORREPORT:PROMPT /OUT:"E:\ubuntushare\fst_geographical_clines\Release\fst_geographical_clines.exe" /INCREMENTAL:NO /NOLOGO kernel32.lib user32.lib gdi32.lib winspool.lib comdlg32.lib advapi32.lib shell32.lib ole32.lib oleaut32.lib uuid.lib odbc32.lib odbccp32.lib /MANIFEST /MANIFESTUAC:"level='asInvoker' uiAccess='false'" /manifest:embed /DEBUG /PDB:"E:\ubuntushare\fst_geographical_clines\Release\fst_geographical_clines.pdb" /SUBSYSTEM:CONSOLE /OPT:REF /OPT:ICF /LTCG /TLBID:1 /DYNAMICBASE /NXCOMPAT /IMPLIB:"E:\ubuntushare\fst_geographical_clines\Release\fst_geographical_clines.lib" /MACHINE:X86 /SAFESEH Release\fst_geographical_clines.obj
         Generating code
         Finished generating code
         fst_geographical_clines.vcxproj -> E:\ubuntushare\fst_geographical_clines\Release\fst_geographical_clines.exe
     1>Done Building Project "E:\ubuntushare\fst_geographical_clines\fst_geographical_clines\fst_geographical_clines.vcxproj" (Build target(s)).

Build succeeded.

Time Elapsed 00:00:03.00
